app/build/intermediates/manifest_merge_blame_file/debug/manifest-merger-blame-debug-report.txt
1<?xml version="1.0" encoding="utf-8"?>
2<manifest xmlns:android="http://schemas.android.com/apk/res/android"
3    package="com.preethzcodez.ecommerce"
4    android:versionCode="1"
5    android:versionName="1.0" >
6
7    <uses-sdk
8        android:minSdkVersion="19"
8-->src/main/AndroidManifest.xml
9        android:targetSdkVersion="31" />
9-->src/main/AndroidManifest.xml
10
11    <queries>
11-->src/main/AndroidManifest.xml:54:5-58:15
12        <intent>
12-->src/main/AndroidManifest.xml:55:9-57:18
13            <action android:name="android.media.action.IMAGE_CAPTURE" />
13-->src/main/AndroidManifest.xml:56:13-73
13-->src/main/AndroidManifest.xml:56:21-70
14        </intent>
15        <!-- Needs to be explicitly declared on Android R+ -->
16        <package android:name="com.google.android.apps.maps" />
16-->[com.google.android.gms:play-services-maps:18.0.2] AndroidManifest.xml:33:9-64
16-->[com.google.android.gms:play-services-maps:18.0.2] AndroidManifest.xml:33:18-61
17    </queries>
18
19    <uses-feature
19-->src/main/AndroidManifest.xml:60:5-63:40
20        android:name="android.hardware.camera"
20-->src/main/AndroidManifest.xml:61:9-47
21        android:required="true" />
21-->src/main/AndroidManifest.xml:62:9-32
22
23    <uses-permission android:name="android.permission.ACCESS_FINE_LOCATION" />
23-->src/main/AndroidManifest.xml:64:5-79
23-->src/main/AndroidManifest.xml:64:22-76
24    <uses-permission android:name="android.permission.ACCESS_COARSE_LOCATION" />
24-->src/main/AndroidManifest.xml:65:5-81
24-->src/main/AndroidManifest.xml:65:22-78
25    <uses-permission android:name="android.permission.ACCESS_NETWORK_STATE" />
25-->src/main/AndroidManifest.xml:66:5-79
25-->src/main/AndroidManifest.xml:66:22-76
26    <uses-permission android:name="android.permission.INTERNET" />
26-->src/main/AndroidManifest.xml:67:5-67
26-->src/main/AndroidManifest.xml:67:22-64
27    <uses-permission android:name="android.permission.ACCESS_WIFI_STATE" />
27-->src/main/AndroidManifest.xml:68:5-76
27-->src/main/AndroidManifest.xml:68:22-73
28    <uses-permission android:name="android.permission.WRITE_USER_DICTIONARY" />
28-->src/main/AndroidManifest.xml:69:5-80
28-->src/main/AndroidManifest.xml:69:22-77
29    <uses-permission android:name="android.permission.WRITE_EXTERNAL_STORAGE" />
29-->src/main/AndroidManifest.xml:70:5-72:40
29-->src/main/AndroidManifest.xml:71:9-65
30    <uses-permission android:name="android.permission.REQUEST_INSTALL_PACKAGES" />
30-->src/main/AndroidManifest.xml:73:5-83
30-->src/main/AndroidManifest.xml:73:22-80
31    <uses-permission android:name="android.permission.READ_EXTERNAL_STORAGE" />
31-->src/main/AndroidManifest.xml:74:5-80
31-->src/main/AndroidManifest.xml:74:22-77
32
33    <uses-feature
33-->[com.google.android.gms:play-services-maps:18.0.2] AndroidManifest.xml:26:5-28:35
34        android:glEsVersion="0x00020000"
34-->[com.google.android.gms:play-services-maps:18.0.2] AndroidManifest.xml:27:9-41
35        android:required="true" />
35-->[com.google.android.gms:play-services-maps:18.0.2] AndroidManifest.xml:28:9-32
36
37    <uses-permission android:name="android.permission.WAKE_LOCK" /> <!-- Required by older versions of Google Play services to create IID tokens -->
37-->[com.google.firebase:firebase-messaging:23.0.0] AndroidManifest.xml:23:5-68
37-->[com.google.firebase:firebase-messaging:23.0.0] AndroidManifest.xml:23:22-65
38    <uses-permission android:name="com.google.android.c2dm.permission.RECEIVE" />
38-->[com.google.firebase:firebase-messaging:23.0.0] AndroidManifest.xml:25:5-82
38-->[com.google.firebase:firebase-messaging:23.0.0] AndroidManifest.xml:25:22-79
39
40    <application
40-->src/main/AndroidManifest.xml:6:5-52:19
41        android:name="androidx.multidex.MultiDexApplication"
42        android:appComponentFactory="androidx.core.app.CoreComponentFactory"
42-->[androidx.core:core:1.7.0] AndroidManifest.xml:24:18-86
43        android:debuggable="true"
44        android:icon="@drawable/ic_logo_detta"
44-->src/main/AndroidManifest.xml:7:9-47
45        android:label="@string/app_name"
45-->src/main/AndroidManifest.xml:8:9-41
46        android:requestLegacyExternalStorage="true"
46-->src/main/AndroidManifest.xml:9:9-52
47        android:roundIcon="@drawable/ic_logo_detta"
47-->src/main/AndroidManifest.xml:10:9-52
48        android:supportsRtl="true"
48-->src/main/AndroidManifest.xml:11:9-35
49        android:testOnly="true"
50        android:theme="@style/AppTheme"
50-->src/main/AndroidManifest.xml:12:9-40
51        android:usesCleartextTraffic="true" >
51-->src/main/AndroidManifest.xml:13:9-44
52        <activity
52-->src/main/AndroidManifest.xml:16:9-18:59
53            android:name="com.preethzcodez.ecommerce.activities.MapsActivity"
53-->src/main/AndroidManifest.xml:17:13-52
54            android:label="@string/title_activity_maps" />
54-->src/main/AndroidManifest.xml:18:13-56
55        <activity android:name="com.preethzcodez.ecommerce.activities.ClientGallary" />
55-->src/main/AndroidManifest.xml:20:9-62
55-->src/main/AndroidManifest.xml:20:19-59
56        <activity android:name="com.preethzcodez.ecommerce.activities.SplashScreen" />
56-->src/main/AndroidManifest.xml:21:9-61
56-->src/main/AndroidManifest.xml:21:19-58
57        <activity android:name="com.preethzcodez.ecommerce.activities.LoadActivity" />
57-->src/main/AndroidManifest.xml:22:9-61
57-->src/main/AndroidManifest.xml:22:19-58
58        <activity
58-->src/main/AndroidManifest.xml:23:9-30:20
59            android:name="com.preethzcodez.ecommerce.activities.SplashActivity"
59-->src/main/AndroidManifest.xml:23:19-60
60            android:exported="true" >
60-->src/main/AndroidManifest.xml:24:13-36
61            <intent-filter>
61-->src/main/AndroidManifest.xml:25:13-29:29
62                <action android:name="android.intent.action.MAIN" />
62-->src/main/AndroidManifest.xml:26:17-69
62-->src/main/AndroidManifest.xml:26:25-66
63
64                <category android:name="android.intent.category.LAUNCHER" />
64-->src/main/AndroidManifest.xml:28:17-77
64-->src/main/AndroidManifest.xml:28:27-74
65            </intent-filter>
66        </activity>
67        <activity android:name="com.preethzcodez.ecommerce.MainActivity" />
67-->src/main/AndroidManifest.xml:31:9-50
67-->src/main/AndroidManifest.xml:31:19-47
68        <activity android:name="com.preethzcodez.ecommerce.activities.Orders" />
68-->src/main/AndroidManifest.xml:32:9-55
68-->src/main/AndroidManifest.xml:32:19-52
69        <activity android:name="com.preethzcodez.ecommerce.activities.OrderDetails" />
69-->src/main/AndroidManifest.xml:33:9-61
69-->src/main/AndroidManifest.xml:33:19-58
70        <activity android:name="com.preethzcodez.ecommerce.activities.ShoppingCart" />
70-->src/main/AndroidManifest.xml:34:9-61
70-->src/main/AndroidManifest.xml:34:19-58
71        <activity android:name="com.preethzcodez.ecommerce.activities.ProductDetails" />
71-->src/main/AndroidManifest.xml:35:9-63
71-->src/main/AndroidManifest.xml:35:19-60
72
73        <meta-data
73-->src/main/AndroidManifest.xml:36:9-38:71
74            android:name="com.google.android.geo.API_KEY"
74-->src/main/AndroidManifest.xml:37:13-58
75            android:value="AIzaSyB03U42Dmhrzi9adgKzrCqTeL97vNRWZQI" />
75-->src/main/AndroidManifest.xml:38:13-68
76
77        <service android:name="com.preethzcodez.ecommerce.service.SyncDBPrices" />
77-->src/main/AndroidManifest.xml:40:9-57
77-->src/main/AndroidManifest.xml:40:18-54
78
79        <provider
80            android:name="androidx.core.content.FileProvider"
80-->src/main/AndroidManifest.xml:43:13-62
81            android:authorities="com.preethzcodez.ecommerce.provider"
81-->src/main/AndroidManifest.xml:44:13-60
82            android:exported="false"
82-->src/main/AndroidManifest.xml:45:13-37
83            android:grantUriPermissions="true" >
83-->src/main/AndroidManifest.xml:46:13-47
84            <meta-data
84-->src/main/AndroidManifest.xml:47:13-49:52
85                android:name="android.support.FILE_PROVIDER_PATHS"
85-->src/main/AndroidManifest.xml:48:17-67
86                android:resource="@xml/filepaths" />
86-->src/main/AndroidManifest.xml:49:17-50
87        </provider>
88
89        <!-- Needs to be explicitly declared on P+ -->
90        <uses-library
90-->[com.google.android.gms:play-services-maps:18.0.2] AndroidManifest.xml:39:9-41:40
91            android:name="org.apache.http.legacy"
91-->[com.google.android.gms:play-services-maps:18.0.2] AndroidManifest.xml:40:13-50
92            android:required="false" />
92-->[com.google.android.gms:play-services-maps:18.0.2] AndroidManifest.xml:41:13-37
93
94        <receiver
94-->[com.google.firebase:firebase-messaging:23.0.0] AndroidManifest.xml:28:9-35:20
95            android:name="com.google.firebase.iid.FirebaseInstanceIdReceiver"
95-->[com.google.firebase:firebase-messaging:23.0.0] AndroidManifest.xml:29:13-78
96            android:exported="true"
96-->[com.google.firebase:firebase-messaging:23.0.0] AndroidManifest.xml:30:13-36
97            android:permission="com.google.android.c2dm.permission.SEND" >
97-->[com.google.firebase:firebase-messaging:23.0.0] AndroidManifest.xml:31:13-73
98            <intent-filter>
98-->[com.google.firebase:firebase-messaging:23.0.0] AndroidManifest.xml:32:13-34:29
99                <action android:name="com.google.android.c2dm.intent.RECEIVE" />
99-->[com.google.firebase:firebase-messaging:23.0.0] AndroidManifest.xml:33:17-81
99-->[com.google.firebase:firebase-messaging:23.0.0] AndroidManifest.xml:33:25-78
100            </intent-filter>
101        </receiver>
102        <!--
103             FirebaseMessagingService performs security checks at runtime,
104             but set to not exported to explicitly avoid allowing another app to call it.
105        -->
106        <service
106-->[com.google.firebase:firebase-messaging:23.0.0] AndroidManifest.xml:41:9-48:19
107            android:name="com.google.firebase.messaging.FirebaseMessagingService"
107-->[com.google.firebase:firebase-messaging:23.0.0] AndroidManifest.xml:42:13-82
108            android:directBootAware="true"
108-->[com.google.firebase:firebase-messaging:23.0.0] AndroidManifest.xml:43:13-43
109            android:exported="false" >
109-->[com.google.firebase:firebase-messaging:23.0.0] AndroidManifest.xml:44:13-37
110            <intent-filter android:priority="-500" >
110-->[com.google.firebase:firebase-messaging:23.0.0] AndroidManifest.xml:45:13-47:29
110-->[com.google.firebase:firebase-messaging:23.0.0] AndroidManifest.xml:45:28-51
111                <action android:name="com.google.firebase.MESSAGING_EVENT" />
111-->[com.google.firebase:firebase-messaging:23.0.0] AndroidManifest.xml:46:17-78
111-->[com.google.firebase:firebase-messaging:23.0.0] AndroidManifest.xml:46:25-75
112            </intent-filter>
113        </service>
114        <service
114-->[com.google.firebase:firebase-messaging:23.0.0] AndroidManifest.xml:49:9-55:19
115            android:name="com.google.firebase.components.ComponentDiscoveryService"
115-->[com.google.firebase:firebase-messaging:23.0.0] AndroidManifest.xml:50:13-84
116            android:directBootAware="true"
116-->[com.google.firebase:firebase-common:20.0.0] AndroidManifest.xml:35:13-43
117            android:exported="false" >
117-->[com.google.firebase:firebase-messaging:23.0.0] AndroidManifest.xml:51:13-37
118            <meta-data
118-->[com.google.firebase:firebase-messaging:23.0.0] AndroidManifest.xml:52:13-54:85
119                android:name="com.google.firebase.components:com.google.firebase.messaging.FirebaseMessagingRegistrar"
119-->[com.google.firebase:firebase-messaging:23.0.0] AndroidManifest.xml:53:17-119
120                android:value="com.google.firebase.components.ComponentRegistrar" />
120-->[com.google.firebase:firebase-messaging:23.0.0] AndroidManifest.xml:54:17-82
121            <meta-data
121-->[com.google.firebase:firebase-datatransport:18.0.0] AndroidManifest.xml:28:13-30:85
122                android:name="com.google.firebase.components:com.google.firebase.datatransport.TransportRegistrar"
122-->[com.google.firebase:firebase-datatransport:18.0.0] AndroidManifest.xml:29:17-115
123                android:value="com.google.firebase.components.ComponentRegistrar" />
123-->[com.google.firebase:firebase-datatransport:18.0.0] AndroidManifest.xml:30:17-82
124            <meta-data
124-->[com.google.firebase:firebase-installations:17.0.0] AndroidManifest.xml:18:13-20:85
125                android:name="com.google.firebase.components:com.google.firebase.installations.FirebaseInstallationsRegistrar"
125-->[com.google.firebase:firebase-installations:17.0.0] AndroidManifest.xml:19:17-127
126                android:value="com.google.firebase.components.ComponentRegistrar" />
126-->[com.google.firebase:firebase-installations:17.0.0] AndroidManifest.xml:20:17-82
127        </service>
128
129        <provider
129-->[com.squareup.picasso:picasso:2.71828] AndroidManifest.xml:8:9-11:40
130            android:name="com.squareup.picasso.PicassoProvider"
130-->[com.squareup.picasso:picasso:2.71828] AndroidManifest.xml:9:13-64
131            android:authorities="com.preethzcodez.ecommerce.com.squareup.picasso"
131-->[com.squareup.picasso:picasso:2.71828] AndroidManifest.xml:10:13-72
132            android:exported="false" />
132-->[com.squareup.picasso:picasso:2.71828] AndroidManifest.xml:11:13-37
133
134        <activity
134-->[com.google.android.gms:play-services-base:18.0.1] AndroidManifest.xml:20:9-22:45
135            android:name="com.google.android.gms.common.api.GoogleApiActivity"
135-->[com.google.android.gms:play-services-base:18.0.1] AndroidManifest.xml:20:19-85
136            android:exported="false"
136-->[com.google.android.gms:play-services-base:18.0.1] AndroidManifest.xml:22:19-43
137            android:theme="@android:style/Theme.Translucent.NoTitleBar" />
137-->[com.google.android.gms:play-services-base:18.0.1] AndroidManifest.xml:21:19-78
138
139        <provider
139-->[com.google.firebase:firebase-common:20.0.0] AndroidManifest.xml:26:9-31:39
140            android:name="com.google.firebase.provider.FirebaseInitProvider"
140-->[com.google.firebase:firebase-common:20.0.0] AndroidManifest.xml:27:13-77
141            android:authorities="com.preethzcodez.ecommerce.firebaseinitprovider"
141-->[com.google.firebase:firebase-common:20.0.0] AndroidManifest.xml:28:13-72
142            android:directBootAware="true"
142-->[com.google.firebase:firebase-common:20.0.0] AndroidManifest.xml:29:13-43
143            android:exported="false"
143-->[com.google.firebase:firebase-common:20.0.0] AndroidManifest.xml:30:13-37
144            android:initOrder="100" />
144-->[com.google.firebase:firebase-common:20.0.0] AndroidManifest.xml:31:13-36
145
146        <meta-data
146-->[com.google.android.gms:play-services-basement:18.0.0] AndroidManifest.xml:21:9-23:69
147            android:name="com.google.android.gms.version"
147-->[com.google.android.gms:play-services-basement:18.0.0] AndroidManifest.xml:22:13-58
148            android:value="@integer/google_play_services_version" />
148-->[com.google.android.gms:play-services-basement:18.0.0] AndroidManifest.xml:23:13-66
149
150        <provider
150-->[androidx.emoji2:emoji2:1.0.0] AndroidManifest.xml:26:9-34:20
151            android:name="androidx.startup.InitializationProvider"
151-->[androidx.emoji2:emoji2:1.0.0] AndroidManifest.xml:27:13-67
152            android:authorities="com.preethzcodez.ecommerce.androidx-startup"
152-->[androidx.emoji2:emoji2:1.0.0] AndroidManifest.xml:28:13-68
153            android:exported="false" >
153-->[androidx.emoji2:emoji2:1.0.0] AndroidManifest.xml:29:13-37
154            <meta-data
154-->[androidx.emoji2:emoji2:1.0.0] AndroidManifest.xml:31:13-33:52
155                android:name="androidx.emoji2.text.EmojiCompatInitializer"
155-->[androidx.emoji2:emoji2:1.0.0] AndroidManifest.xml:32:17-75
156                android:value="androidx.startup" />
156-->[androidx.emoji2:emoji2:1.0.0] AndroidManifest.xml:33:17-49
157            <meta-data
157-->[androidx.lifecycle:lifecycle-process:2.4.0] AndroidManifest.xml:31:13-33:52
158                android:name="androidx.lifecycle.ProcessLifecycleInitializer"
158-->[androidx.lifecycle:lifecycle-process:2.4.0] AndroidManifest.xml:32:17-78
159                android:value="androidx.startup" />
159-->[androidx.lifecycle:lifecycle-process:2.4.0] AndroidManifest.xml:33:17-49
160        </provider>
161
162        <service
162-->[com.google.android.datatransport:transport-backend-cct:3.0.0] AndroidManifest.xml:29:9-35:19
163            android:name="com.google.android.datatransport.runtime.backends.TransportBackendDiscovery"
163-->[com.google.android.datatransport:transport-backend-cct:3.0.0] AndroidManifest.xml:30:13-103
164            android:exported="false" >
164-->[com.google.android.datatransport:transport-backend-cct:3.0.0] AndroidManifest.xml:31:13-37
165            <meta-data
165-->[com.google.android.datatransport:transport-backend-cct:3.0.0] AndroidManifest.xml:32:13-34:39
166                android:name="backend:com.google.android.datatransport.cct.CctBackendFactory"
166-->[com.google.android.datatransport:transport-backend-cct:3.0.0] AndroidManifest.xml:33:17-94
167                android:value="cct" />
167-->[com.google.android.datatransport:transport-backend-cct:3.0.0] AndroidManifest.xml:34:17-36
168        </service>
169        <service
169-->[com.google.android.datatransport:transport-runtime:3.0.0] AndroidManifest.xml:26:9-30:19
170            android:name="com.google.android.datatransport.runtime.scheduling.jobscheduling.JobInfoSchedulerService"
170-->[com.google.android.datatransport:transport-runtime:3.0.0] AndroidManifest.xml:27:13-117
171            android:exported="false"
171-->[com.google.android.datatransport:transport-runtime:3.0.0] AndroidManifest.xml:28:13-37
172            android:permission="android.permission.BIND_JOB_SERVICE" >
172-->[com.google.android.datatransport:transport-runtime:3.0.0] AndroidManifest.xml:29:13-69
173        </service>
174
175        <receiver
175-->[com.google.android.datatransport:transport-runtime:3.0.0] AndroidManifest.xml:32:9-34:40
176            android:name="com.google.android.datatransport.runtime.scheduling.jobscheduling.AlarmManagerSchedulerBroadcastReceiver"
176-->[com.google.android.datatransport:transport-runtime:3.0.0] AndroidManifest.xml:33:13-132
177            android:exported="false" />
177-->[com.google.android.datatransport:transport-runtime:3.0.0] AndroidManifest.xml:34:13-37
178    </application>
179
180</manifest>